分析完成。Issue #36 是一个 P0 安全漏洞：`exec()` 执行用户代码时 `__builtins__` 未正确限制，`__import__` 仍可用，导致沙箱逃逸和任意代码执行。

```json
{
  "issueNumber": 36,
  "subtasks": [
    {
      "id": "T-001",
      "title": "创建安全的 exec 沙箱工具模块",
      "description": "在 backend/ 下新建一个 sandbox.py 模块，提供受限的 exec 执行环境。该模块应：1) 定义一个安全的 builtins 字典，移除 __import__、eval、exec、compile、open 等危险函数；2) 提供 run_restricted_python(source_code, scope, allowed_modules) 函数，使用受限 builtins 执行代码；3) 仅允许白名单中的模块被导入（如 json、math、re、datetime 等）；4) 添加超时机制防止无限循环。",
      "acceptanceCriteria": [
        "sandbox.py 模块存在且可导入",
        "受限 builtins 字典中不包含 __import__、eval、exec、compile、open",
        "run_restricted_python 函数能正确执行合法代码",
        "尝试使用 __import__ 执行恶意代码时抛出 SecurityError",
        "模块包含单元测试覆盖核心安全逻辑"
      ],
      "priority": 1,
      "type": "code",
      "passes": false
    },
    {
      "id": "T-002",
      "title": "修改 market.py 使用安全沙箱替代原生 exec",
      "description": "修改 backend/market.py 第 144 行的 exec(source_code, scope) 调用，改为使用 T-001 中创建的安全沙箱模块执行用户代码。确保：1) 动态候选源功能行为不变；2) 只允许白名单模块被导入；3) 错误处理保持兼容（函数未定义时仍抛出 ValueError）。",
      "acceptanceCriteria": [
        "market.py 不再直接使用原生 exec",
        "resolve_candidate_symbols 功能正常，测试通过",
        "恶意代码（如 __import__('os').system('rm -rf /')）被阻止",
        "保留原有的 stdout 捕获和 duration 统计功能",
        "所有现有测试通过"
      ],
      "priority": 2,
      "type": "code",
      "passes": false
    },
    {
      "id": "T-003",
      "title": "添加沙箱逃逸攻击的集成测试",
      "description": "为安全沙箱编写全面的集成测试，覆盖多种攻击向量：1) __import__ 导入 os/subprocess 等危险模块；2) eval() 执行任意代码；3) exec() 嵌套执行；4) compile() 编译恶意代码；5) open() 文件操作；6) 通过 __builtins__ 绕过限制。确保所有攻击都被有效阻止。",
      "acceptanceCriteria": [
        "测试覆盖 __import__、eval、exec、compile、open 等攻击向量",
        "测试验证合法操作（如 json.loads、math.sqrt）仍可正常使用",
        "测试验证超时机制能终止无限循环",
        "所有测试通过"
      ],
      "priority": 3,
      "type": "code",
      "passes": false
    }
  ]
}
```
