基于代码分析，Issue #15 涉及多个方法在多个交易所网关中的重复。以下是子任务拆分：

---

## Issue #15 子任务拆分

### 分析总结

| 方法 | 重复情况 | 涉及文件 |
|------|----------|----------|
| `_cache_policy_for_kline_interval` | 三个交易所完全相同 | binance.py, bybit.py, okx.py |
| `_query` | 核心逻辑相同，过滤条件微差 | binance.py, bybit.py, okx.py |
| `base_asset_from_symbol` | Binance/Bybit 相同，OKX 不同 | binance.py, bybit.py, okx.py |
| `_step_precision` / `_round_down_to_step` / `_round_to_step` | Binance/OKX 完全相同 | binance.py, okx.py |

---

### 子任务设计

按依赖关系和改动范围，拆分为 3 个子任务：

1. **T-001**: 提取 `_cache_policy_for_kline_interval` — 零风险，三个交易所实现完全一致，可直接提取
2. **T-002**: 提取 `_query` 方法 — 需统一过滤条件（增加 `{}` 排除），然后提取到基类
3. **T-003**: 提取 `base_asset_from_symbol` 默认实现 + 步进精度工具方法 — 提供默认实现，OKX 保留覆盖；同时提取 `_step_precision` 等工具方法

```json
{
  "issueNumber": 15,
  "subtasks": [
    {
      "id": "T-001",
      "title": "提取 _cache_policy_for_kline_interval 到基类",
      "description": "将 _cache_policy_for_kline_interval 方法从 binance.py、bybit.py、okx.py 中提取到 exchanges/base.py 的 ExchangeGateway 基类中作为普通方法（非抽象方法）。该方法在三个交易所中的实现完全相同，是纯业务逻辑，与交易所无关。提取后从三个子类中删除该方法实现。",
      "acceptanceCriteria": [
        "base.py 中新增 _cache_policy_for_kline_interval 方法，实现与原有逻辑一致",
        "binance.py 删除 _cache_policy_for_kline_interval 方法",
        "bybit.py 删除 _cache_policy_for_kline_interval 方法",
        "okx.py 删除 _cache_policy_for_kline_interval 方法",
        "所有现有测试通过"
      ],
      "priority": 1,
      "type": "code",
      "passes": false
    },
    {
      "id": "T-002",
      "title": "提取 _query 方法到基类",
      "description": "将 _query 方法从三个交易所网关提取到基类。需要统一过滤条件：当前 binance.py 排除 (None, '', [])，bybit.py 和 okx.py 排除 (None, '', [], {})。统一采用最严格的版本 (None, '', [], {})，因为空字典作为查询参数通常无意义。提取后从 binance.py、bybit.py 删除 _query 实现；okx.py 的 _query_string 辅助方法被 _signed_request_json 复用，保留但可改为内部调用基类逻辑或保持独立。",
      "acceptanceCriteria": [
        "base.py 中新增 _query 方法，过滤条件统一为 (None, '', [], {})",
        "binance.py 删除 _query 方法",
        "bybit.py 删除 _query 方法",
        "okx.py 的 _query 方法删除或调整为调用基类方法（_query_string 保留供签名请求使用）",
        "所有现有测试通过"
      ],
      "priority": 2,
      "type": "code",
      "passes": false
    },
    {
      "id": "T-003",
      "title": "提取 base_asset_from_symbol 默认实现和步进精度工具方法",
      "description": "将 base_asset_from_symbol 的默认实现（USDT 后缀格式）提取到基类，OKX 保留覆盖实现。同时提取 _step_precision、_round_down_to_step、_round_to_step 三个在 Binance 和 OKX 中完全相同的静态工具方法到基类。binance.py 和 okx.py 删除这些方法的实现，bybit.py 无需改动（未实现这些方法）。base_asset_from_symbol 需要从 @abstractmethod 中移除，改为带有默认实现的普通方法。",
      "acceptanceCriteria": [
        "base.py 中新增 base_asset_from_symbol 默认实现（处理 USDT 后缀格式）",
        "base.py 中新增 _step_precision、_round_down_to_step、_round_to_step 静态方法",
        "binance.py 删除 base_asset_from_symbol、_step_precision、_round_down_to_step、_round_to_step 方法",
        "bybit.py 删除 base_asset_from_symbol 方法",
        "okx.py 删除 _step_precision、_round_down_to_step、_round_to_step 方法，保留 base_asset_from_symbol 覆盖实现",
        "base_asset_from_symbol 从 ExchangeGateway 的抽象方法列表中移除",
        "所有现有测试通过"
      ],
      "priority": 3,
      "type": "code",
      "passes": false
    }
  ]
}
```
