分析完成。`backend/auth.py` 已提供认证工具函数，`backend/server.py` 的 API 端点尚未接入认证。测试文件已存在，说明预期行为已定义。

```json
{
  "issueNumber": 5,
  "subtasks": [
    {
      "id": "T-001",
      "title": "在 server.py 中集成 API 认证中间件",
      "description": "在 TradingAgentHandler._handle 方法中，对所有 /api/* 路径（除 /api/auth/status 外）添加认证检查。认证未启用时允许通过；认证启用时要求请求头携带 X-API-Key，否则返回 401。静态文件和根路径 / 无需认证。",
      "acceptanceCriteria": [
        "所有 /api/* 端点在认证启用时检查 X-API-Key 请求头",
        "缺少或无效的 API Key 返回 401 及正确错误信息",
        "静态文件和根路径访问不受认证影响",
        "/api/auth/status 端点始终可访问",
        "test_server_auth.py 中所有测试通过"
      ],
      "priority": 1,
      "type": "code",
      "passes": false
    },
    {
      "id": "T-002",
      "title": "补充认证集成测试与边界场景",
      "description": "为 server.py 的认证集成添加边界测试：包括 POST 请求认证、多 API 端点覆盖、认证状态切换等场景，确保认证逻辑在各种边界条件下正确工作。",
      "acceptanceCriteria": [
        "POST 请求的认证检查有测试覆盖",
        "至少 3 个不同 API 端点的认证行为被测试",
        "认证启用/禁用切换场景有测试",
        "test_auth.py 和 test_server_auth.py 全部通过"
      ],
      "priority": 2,
      "type": "code",
      "passes": false
    }
  ]
}
```
